Log file open, 09/27/17 23:41:47
LogWindows: Failed to load 'aqProf.dll' (GetLastError=126)
LogWindows: File 'aqProf.dll' does not exist
LogWindows: Failed to load 'VSPerf140.dll' (GetLastError=126)
LogWindows: File 'VSPerf140.dll' does not exist
LogWindows: Failed to load 'VtuneApi.dll' (GetLastError=126)
LogWindows: File 'VtuneApi.dll' does not exist
LogWindows: Failed to load 'VtuneApi32e.dll' (GetLastError=126)
LogWindows: File 'VtuneApi32e.dll' does not exist
LogInit: Display: Running engine for game: LC_Time_Manipulation
LogPlatformFile: Not using cached read wrapper
LogInit: Display: RandInit(456541921) SRandInit(456541921).
LogTaskGraph: Started task graph with 5 named threads and 14 total threads with 3 sets of task threads.
LogStats: Stats thread started at 0.159330
LogD3D11RHI: Aftermath initialized
LogPluginManager: Mounting plugin Paper2D
LogPluginManager: Mounting plugin LightPropagationVolume
LogPluginManager: Mounting plugin CodeLiteSourceCodeAccess
LogPluginManager: Mounting plugin GitSourceControl
LogPluginManager: Mounting plugin KDevelopSourceCodeAccess
LogPluginManager: Mounting plugin NullSourceCodeAccess
LogPluginManager: Mounting plugin PerforceSourceControl
LogPluginManager: Mounting plugin SubversionSourceControl
LogPluginManager: Mounting plugin UObjectPlugin
LogPluginManager: Mounting plugin VisualStudioSourceCodeAccess
LogPluginManager: Mounting plugin XCodeSourceCodeAccess
LogPluginManager: Mounting plugin AssetManagerEditor
LogPluginManager: Mounting plugin AudioCapture
LogPluginManager: Mounting plugin FacialAnimation
LogPluginManager: Mounting plugin GameplayTagsEditor
LogPluginManager: Mounting plugin MobileLauncherProfileWizard
LogPluginManager: Mounting plugin PluginBrowser
LogPluginManager: Mounting plugin SpeedTreeImporter
LogPluginManager: Mounting plugin AlembicImporter
LogPluginManager: Mounting plugin CharacterAI
LogPluginManager: Mounting plugin HTML5Networking
LogPluginManager: Mounting plugin AndroidMedia
LogPluginManager: Mounting plugin AvfMedia
LogPluginManager: Mounting plugin MediaPlayerEditor
LogPluginManager: Mounting plugin WmfMedia
LogPluginManager: Mounting plugin TcpMessaging
LogPluginManager: Mounting plugin UdpMessaging
LogPluginManager: Mounting plugin LevelSequenceEditor
LogPluginManager: Mounting plugin MatineeToLevelSequence
LogPluginManager: Mounting plugin OnlineSubsystemGooglePlay
LogPluginManager: Mounting plugin OnlineSubsystemIOS
LogPluginManager: Mounting plugin OnlineSubsystem
LogPluginManager: Mounting plugin OnlineSubsystemNull
LogPluginManager: Mounting plugin OnlineSubsystemUtils
LogPluginManager: Mounting plugin AndroidDeviceProfileSelector
LogPluginManager: Mounting plugin AndroidMoviePlayer
LogPluginManager: Mounting plugin AndroidPermission
LogPluginManager: Mounting plugin AppleMoviePlayer
LogPluginManager: Mounting plugin ArchVisCharacter
LogPluginManager: Mounting plugin CableComponent
LogPluginManager: Mounting plugin CustomMeshComponent
LogPluginManager: Mounting plugin ExampleDeviceProfileSelector
LogPluginManager: Mounting plugin GoogleCloudMessaging
LogPluginManager: Mounting plugin ImmediatePhysics
LogPluginManager: Mounting plugin IOSDeviceProfileSelector
LogPluginManager: Mounting plugin LinuxDeviceProfileSelector
LogPluginManager: Mounting plugin LocationServicesBPLibrary
LogPluginManager: Mounting plugin MobilePatchingUtils
LogPluginManager: Mounting plugin OculusVR
LogPluginManager: Mounting plugin PhysXVehicles
LogPluginManager: Mounting plugin ProceduralMeshComponent
LogPluginManager: Mounting plugin RuntimePhysXCooking
LogPluginManager: Mounting plugin SteamVR
LogPluginManager: Mounting plugin WindowsMoviePlayer
LogInit: Using libcurl 7.47.1
LogInit:  - built for x86_64-pc-win32
LogInit:  - supports SSL with OpenSSL/1.0.2g
LogInit:  - supports HTTP deflate (compression) using libz 1.2.8
LogInit:  - other features:
LogInit:      CURL_VERSION_SSL
LogInit:      CURL_VERSION_LIBZ
LogInit:      CURL_VERSION_IPV6
LogInit:      CURL_VERSION_ASYNCHDNS
LogInit:      CURL_VERSION_LARGEFILE
LogInit:      CURL_VERSION_IDN
LogInit:  CurlRequestOptions (configurable via config and command line):
LogInit:  - bVerifyPeer = false  - Libcurl will NOT verify peer certificate
LogInit:  - bUseHttpProxy = false  - Libcurl will NOT use HTTP proxy
LogInit:  - bDontReuseConnections = false  - Libcurl will reuse connections
LogInit:  - CertBundlePath = nullptr  - Libcurl will use whatever was configured at build time.
LogInit: Build: ++UE4+Release-4.17-CL-3658906
LogInit: Engine Version: 4.17.2-3658906+++UE4+Release-4.17
LogInit: Compatible Engine Version: 4.17.0-3573198+++UE4+Release-4.17
LogInit: Net CL: 3573198
LogDevObjectVersion: Number of dev versions registered: 16
LogDevObjectVersion:   Dev-Blueprints (B0D832E4-1F89-4F0D-ACCF-7EB736FD4AA2): 10
LogDevObjectVersion:   Dev-Build (E1C64328-A22C-4D53-A36C-8E866417BD8C): 0
LogDevObjectVersion:   Dev-Core (375EC13C-06E4-48FB-B500-84F0262A717E): 2
LogDevObjectVersion:   Dev-Editor (E4B068ED-F494-42E9-A231-DA0B2E46BB41): 20
LogDevObjectVersion:   Dev-Framework (CFFC743F-43B0-4480-9391-14DF171D2073): 28
LogDevObjectVersion:   Dev-Mobile (B02B49B5-BB20-44E9-A304-32B752E40360): 0
LogDevObjectVersion:   Dev-Networking (A4E4105C-59A1-49B5-A7C5-40C4547EDFEE): 0
LogDevObjectVersion:   Dev-Online (39C831C9-5AE6-47DC-9A44-9C173E1C8E7C): 0
LogDevObjectVersion:   Dev-Physics (78F01B33-EBEA-4F98-B9B4-84EACCB95AA2): 0
LogDevObjectVersion:   Dev-Platform (6631380F-2D4D-43E0-8009-CF276956A95A): 0
LogDevObjectVersion:   Dev-Rendering (12F88B9F-8875-4AFC-A67C-D90C383ABD29): 19
LogDevObjectVersion:   Dev-Sequencer (7B5AE74C-D270-4C10-A958-57980B212A5A): 4
LogDevObjectVersion:   Dev-VR (D7296918-1DD6-4BDD-9DE2-64A83CC13884): 0
LogDevObjectVersion:   Dev-LoadTimes (C2A15278-BFE7-4AFE-6C17-90FF531DF755): 1
LogDevObjectVersion:   Private-Geometry (6EACA3D4-40EC-4CC1-B786-8BED09428FC5): 1
LogDevObjectVersion:   Dev-AnimPhys (29E575DD-E0A3-4627-9D10-D276232CDCEA): 7
LogInit: Compiled (64-bit): Sep 22 2017 13:47:16
LogInit: Compiled with Visual C++: 19.00.24215.01
LogInit: Build Configuration: Development
LogInit: Branch Name: ++UE4+Release-4.17
LogInit: Command line:  
LogInit: Base directory: D:/UE_4.17/Engine/Binaries/Win64/
LogInit: Installed Engine Build: 1
LogInit: Presizing for max 8388607 objects, including 0 objects not considered by GC, pre-allocating 0 bytes for permanent pool.
LogInit: Object subsystem initialized
[2017.09.27-14.41.47:877][  0]LogInit: Selected Device Profile: [Windows]
[2017.09.27-14.41.47:877][  0]LogInit: Applying CVar settings loaded from the selected device profile: [Windows]
[2017.09.27-14.41.47:904][  0]LogInit: Computer: DESKTOP-473DMHI
[2017.09.27-14.41.47:904][  0]LogInit: User: USERPC
[2017.09.27-14.41.47:904][  0]LogInit: CPU Page size=4096, Cores=4
[2017.09.27-14.41.47:904][  0]LogInit: High frequency timer resolution =3.515626 MHz
[2017.09.27-14.41.47:905][  0]LogMemory: Memory total: Physical=16.0GB (16GB approx)
[2017.09.27-14.41.47:905][  0]LogMemory: Platform Memory Stats for Windows
[2017.09.27-14.41.47:905][  0]LogMemory: Process Physical Memory: 280.51 MB used, 280.51 MB peak
[2017.09.27-14.41.47:905][  0]LogMemory: Process Virtual Memory: 282.26 MB used, 282.26 MB peak
[2017.09.27-14.41.47:905][  0]LogMemory: Physical Memory: 3642.11 MB used,  12705.43 MB free, 16347.54 MB total
[2017.09.27-14.41.47:905][  0]LogMemory: Virtual Memory: 676.45 MB used,  12705.43 MB free, 134217728.00 MB total
[2017.09.27-14.41.48:014][  0]LogInit: Using OS detected language (ko-KR).
[2017.09.27-14.41.48:014][  0]LogInit: Using OS detected locale (ko-KR).
[2017.09.27-14.41.48:017][  0]LogTextLocalizationManager: No specific localization for 'ko-KR' exists, so the 'ko' localization will be used.
[2017.09.27-14.41.48:367][  0]LogD3D11RHI: D3D11 adapters:
[2017.09.27-14.41.48:414][  0]LogD3D11RHI:    0. 'NVIDIA GeForce GTX 1070' (Feature Level 11_0)
[2017.09.27-14.41.48:414][  0]LogD3D11RHI:       8119/0/8173 MB DedicatedVideo/DedicatedSystem/SharedSystem, Outputs:1, VendorId:0x10de
[2017.09.27-14.41.48:415][  0]LogD3D11RHI:    1. 'Microsoft Basic Render Driver' (Feature Level 11_0)
[2017.09.27-14.41.48:415][  0]LogD3D11RHI:       0/0/8173 MB DedicatedVideo/DedicatedSystem/SharedSystem, Outputs:0, VendorId:0x1414
[2017.09.27-14.41.48:415][  0]LogD3D11RHI: Chosen D3D11 Adapter: 0
[2017.09.27-14.41.48:420][  0]LogD3D11RHI: Creating new Direct3DDevice
[2017.09.27-14.41.48:420][  0]LogD3D11RHI:     GPU DeviceId: 0x1b81 (for the marketing name, search the web for "GPU Device Id")
[2017.09.27-14.41.48:420][  0]LogWindows: EnumDisplayDevices:
[2017.09.27-14.41.48:420][  0]LogWindows:    0. 'NVIDIA GeForce GTX 1070' (P:1 D:1)
[2017.09.27-14.41.48:420][  0]LogWindows:    1. 'NVIDIA GeForce GTX 1070' (P:0 D:0)
[2017.09.27-14.41.48:421][  0]LogWindows:    2. 'NVIDIA GeForce GTX 1070' (P:0 D:0)
[2017.09.27-14.41.48:421][  0]LogWindows:    3. 'NVIDIA GeForce GTX 1070' (P:0 D:0)
[2017.09.27-14.41.48:421][  0]LogWindows: DebugString: FoundDriverCount:4 
[2017.09.27-14.41.48:421][  0]LogD3D11RHI:     Adapter Name: NVIDIA GeForce GTX 1070
[2017.09.27-14.41.48:421][  0]LogD3D11RHI:   Driver Version: 382.05 (internal:22.21.13.8205, unified:382.05)
[2017.09.27-14.41.48:421][  0]LogD3D11RHI:      Driver Date: 5-1-2017
[2017.09.27-14.41.48:421][  0]LogRHI: Texture pool is 1361 MB (70% of 1945 MB)
[2017.09.27-14.41.48:447][  0]LogD3D11RHI: Async texture creation enabled
[2017.09.27-14.41.48:456][  0]LogD3D11RHI: GPU Timing Frequency: 1000.000000 (Debug: 2 1)
[2017.09.27-14.41.48:500][  0]LogShaderCompilers: Guid format shader working directory is -6 characters bigger than the processId version (../../../../전공모음/Unreal_Projects/LC_Time_Manipulation/Intermediate/Shaders/WorkingDirectory/14360/).
[2017.09.27-14.41.48:500][  0]LogShaderCompilers: Cleaned the shader compiler working directory 'C:/Users/USER-PC/AppData/Local/Temp/UnrealShaderWorkingDir/BB38700542B3E7701E1C368FEC46E3C0/'.
[2017.09.27-14.41.48:500][  0]LogShaderCompilers: Display: Using Local Shader Compiler.
[2017.09.27-14.41.49:237][  0]LogTemp: Display: Loaded TP AllDesktopTargetPlatform
[2017.09.27-14.41.49:284][  0]LogTemp: Display: Loaded TP MacClientTargetPlatform
[2017.09.27-14.41.49:332][  0]LogTemp: Display: Loaded TP MacNoEditorTargetPlatform
[2017.09.27-14.41.49:380][  0]LogTemp: Display: Loaded TP MacServerTargetPlatform
[2017.09.27-14.41.49:429][  0]LogTemp: Display: Loaded TP MacTargetPlatform
[2017.09.27-14.41.49:476][  0]LogTemp: Display: Loaded TP WindowsClientTargetPlatform
[2017.09.27-14.41.49:524][  0]LogTemp: Display: Loaded TP WindowsNoEditorTargetPlatform
[2017.09.27-14.41.49:570][  0]LogTemp: Display: Loaded TP WindowsServerTargetPlatform
[2017.09.27-14.41.49:612][  0]LogTemp: Display: Loaded TP WindowsTargetPlatform
[2017.09.27-14.41.49:659][  0]LogTemp: Display: Loaded TP AndroidTargetPlatform
[2017.09.27-14.41.49:707][  0]LogTemp: Display: Loaded TP Android_ASTCTargetPlatform
[2017.09.27-14.41.49:780][  0]LogTemp: Display: Loaded TP Android_ATCTargetPlatform
[2017.09.27-14.41.49:827][  0]LogTemp: Display: Loaded TP Android_DXTTargetPlatform
[2017.09.27-14.41.49:874][  0]LogTemp: Display: Loaded TP Android_ETC1TargetPlatform
[2017.09.27-14.41.49:921][  0]LogTemp: Display: Loaded TP Android_ETC2TargetPlatform
[2017.09.27-14.41.50:062][  0]LogTemp: Display: Loaded TP Android_MultiTargetPlatform
[2017.09.27-14.41.50:062][  0]LogTemp: Display: Loaded TP Android_PVRTCTargetPlatform
[2017.09.27-14.41.50:098][  0]LogTemp: Display: Loaded TP HTML5TargetPlatform
[2017.09.27-14.41.50:177][  0]LogTemp: Display: Loaded TP IOSTargetPlatform
[2017.09.27-14.41.50:195][  0]LogTemp: Display: Loaded TP TVOSTargetPlatform
[2017.09.27-14.41.50:241][  0]LogTemp: Display: Loaded TP LinuxClientTargetPlatform
[2017.09.27-14.41.50:288][  0]LogTemp: Display: Loaded TP LinuxNoEditorTargetPlatform
[2017.09.27-14.41.50:334][  0]LogTemp: Display: Loaded TP LinuxServerTargetPlatform
[2017.09.27-14.41.50:381][  0]LogTemp: Display: Loaded TP LinuxTargetPlatform
[2017.09.27-14.41.50:381][  0]LogTargetPlatformManager: Display: Building Assets For Windows
[2017.09.27-14.41.50:722][  0]LogDerivedDataCache: Display: Max Cache Size: 512 MB
[2017.09.27-14.41.50:794][  0]LogDerivedDataCache: Loaded boot cache 0.07s 93MB C:/Users/USER-PC/AppData/Local/UnrealEngine/4.17/DerivedDataCache/Boot.ddc.
[2017.09.27-14.41.50:794][  0]LogDerivedDataCache: Display: Loaded Boot cache: C:/Users/USER-PC/AppData/Local/UnrealEngine/4.17/DerivedDataCache/Boot.ddc
[2017.09.27-14.41.50:794][  0]LogDerivedDataCache: FDerivedDataBackendGraph:  Pak pak cache file ../../../../전공모음/Unreal_Projects/LC_Time_Manipulation/DerivedDataCache/DDC.ddp not found, will not use a pak cache.
[2017.09.27-14.41.50:794][  0]LogDerivedDataCache: Unable to find inner node Pak for hierarchical cache Hierarchy.
[2017.09.27-14.41.50:794][  0]LogDerivedDataCache: FDerivedDataBackendGraph:  CompressedPak pak cache file ../../../../전공모음/Unreal_Projects/LC_Time_Manipulation/DerivedDataCache/Compressed.ddp not found, will not use a pak cache.
[2017.09.27-14.41.50:794][  0]LogDerivedDataCache: Unable to find inner node CompressedPak for hierarchical cache Hierarchy.
[2017.09.27-14.41.50:806][  0]LogDerivedDataCache: Display: Pak cache opened for reading ../../../Engine/DerivedDataCache/Compressed.ddp.
[2017.09.27-14.41.50:819][  0]LogDerivedDataCache: Using Local data cache path C:/Users/USER-PC/AppData/Local/UnrealEngine/Common/DerivedDataCache: Writable
[2017.09.27-14.41.50:826][  0]LogMaterial: Verifying Global Shaders for PCD3D_SM5
[2017.09.27-14.41.50:827][  0]LogSlate: Using Freetype 2.6.0
[2017.09.27-14.41.50:827][  0]LogSlate: SlateFontCache - WITH_FREETYPE: 1, WITH_HARFBUZZ: 1
[2017.09.27-14.41.50:827][  0]LogSlate: SlateFontCache - WITH_FREETYPE: 1, WITH_HARFBUZZ: 1
[2017.09.27-14.41.51:076][  0]LogAssetRegistry: FAssetRegistry took 0.0244 seconds to start up
[2017.09.27-14.41.51:156][  0]LogInit: Selected Device Profile: [Windows]
[2017.09.27-14.41.51:265][  0]LogContentStreaming: Texture pool size is 0.00 MB
[2017.09.27-14.41.51:516][  0]LogSimplygon: Simplygon DLL not present - disabling.
[2017.09.27-14.41.51:556][  0]LogMeshReduction: Using SimplygonSwarm for distributed automatic mesh merging
[2017.09.27-14.41.51:556][  0]LogMeshReduction: Using QuadricMeshReduction for automatic static mesh reduction
[2017.09.27-14.41.51:556][  0]LogMeshReduction: No automatic skeletal mesh reduction module available
[2017.09.27-14.41.51:556][  0]LogMeshReduction: No automatic mesh merging module available
[2017.09.27-14.41.51:556][  0]LogMeshMerging: No automatic mesh merging module available
[2017.09.27-14.41.51:823][  0]LogNetVersion: LC_Time_Manipulation , NetCL: 3573198, EngineNetVer: 2, GameNetVer: 0 (Checksum: 62090006)
[2017.09.27-14.41.51:994][  0]LogPackageLocalizationCache: Processed 5 localized package path(s) for 2 prioritized culture(s) in 0.042652 seconds
[2017.09.27-14.41.51:999][  0]LogUObjectArray: 35825 objects as part of root set at end of initial load.
[2017.09.27-14.41.51:999][  0]LogUObjectAllocator: 7529112 out of 0 bytes used by permanent object pool.
[2017.09.27-14.41.51:999][  0]LogUObjectArray: CloseDisregardForGC: 0/0 objects in disregard for GC pool
[2017.09.27-14.41.52:030][  0]LogInit: WinSock: version 1.1 (2.2), MaxSocks=32767, MaxUdp=65467
[2017.09.27-14.41.54:265][  0]LogTcpMessaging: Initializing TcpMessaging bridge
[2017.09.27-14.41.54:295][  0]LogUdpMessaging: Initializing bridge on interface 0.0.0.0:0 to multicast group 230.0.0.1:6666.
[2017.09.27-14.41.54:926][  0]LogMaterial: Uniform references updated for custom material expression Custom.
[2017.09.27-14.41.55:283][  0]SourceControl: 소스 콘트롤이 꺼졌습니다.
[2017.09.27-14.41.55:283][  0]SourceControl: 소스 콘트롤이 꺼졌습니다.
[2017.09.27-14.41.55:326][  0]SourceControl: 소스 콘트롤이 꺼졌습니다.
[2017.09.27-14.41.55:370][  0]SourceControl: 소스 콘트롤이 꺼졌습니다.
[2017.09.27-14.41.55:916][  0]LogAndroidPermission: UAndroidPermissionCallbackProxy::GetInstance
[2017.09.27-14.41.56:145][  0]LogOcInput: OculusInput pre-init called
[2017.09.27-14.41.56:377][  0]LogEngine: Initializing Engine...
[2017.09.27-14.41.56:379][  0]LogHMD: Failed to initialize OpenVR with code 110
[2017.09.27-14.41.56:544][  0]LogStats: UGameplayTagsManager::ConstructGameplayTagTree: Construct from data asset -  0.000 s
[2017.09.27-14.41.56:544][  0]LogStats: UGameplayTagsManager::ConstructGameplayTagTree: GameplayTagTreeChangedEvent.Broadcast -  0.000 s
[2017.09.27-14.41.56:677][  0]LogAIModule: Creating AISystem for world Untitled
[2017.09.27-14.41.56:691][  0]LogInit: XAudio2 using '스피커(Realtek High Definition Audio)' : 2 channels at 48 kHz using 32 bits per sample (channel mask 0x3)
[2017.09.27-14.41.56:733][  0]LogInit: FAudioDevice initialized.
[2017.09.27-14.41.56:808][  0]LogDerivedDataCache: Saved boot cache 0.08s 93MB C:/Users/USER-PC/AppData/Local/UnrealEngine/4.17/DerivedDataCache/Boot.ddc.
[2017.09.27-14.41.56:820][  0]LogInit: Texture streaming: Enabled
[2017.09.27-14.41.56:888][  0]LogEngineSessionManager: EngineSessionManager initialized
[2017.09.27-14.41.57:122][  0]LogInit: Transaction tracking system initialized
[2017.09.27-14.41.57:430][  0]BlueprintLog: New page: 에디터 로드
[2017.09.27-14.41.58:287][  0]LocalizationService: 현지화 서비스가 비활성화되었습니다.
[2017.09.27-14.41.58:974][  0]LogConsoleResponse: Display: 
[2017.09.27-14.41.59:109][  0]LogCook: Display: Max memory allowance for cook 16384mb min free memory 0mb
[2017.09.27-14.41.59:109][  0]LogCook: Display: Mobile HDR setting 1
[2017.09.27-14.41.59:109][  0]LogGameplayTags: Display: UGameplayTagsManager::DoneAddingNativeTags. DelegateIsBound: 0
[2017.09.27-14.41.59:696][  0]LogFileCache: Scanning file cache for directory 'D:/전공모음/Unreal_Projects/LC_Time_Manipulation/Content/' took 0.01s
[2017.09.27-14.42.00:053][  0]SourceControl: 소스 콘트롤이 꺼졌습니다.
[2017.09.27-14.42.00:054][  0]Cmd: MAP LOAD FILE="../../../../전공모음/Unreal_Projects/LC_Time_Manipulation/Content/Maps/Lets_Create_Map.umap" TEMPLATE=0 SHOWPROGRESS=1 FEATURELEVEL=3
[2017.09.27-14.42.00:057][  0]LightingResults: New page: 라이팅 빌드
[2017.09.27-14.42.00:098][  0]MapCheck: New page: 맵 체크
[2017.09.27-14.42.00:098][  0]LightingResults: New page: 라이팅 빌드
[2017.09.27-14.42.00:341][  0]LogAIModule: Creating AISystem for world Lets_Create_Map
[2017.09.27-14.42.00:347][  0]LogEditorServer: Finished looking for orphan Actors (0.000 secs)
[2017.09.27-14.42.00:357][  0]Cmd: MAP CHECKDEP NOCLEARLOG
[2017.09.27-14.42.00:403][  0]MapCheck: 맵 체크 완료: 오류 0 회, 경고 0 회, 소요 시간 45.707ms.
[2017.09.27-14.42.00:403][  0]LogFileHelpers: Loading map 'Lets_Create_Map' took 0.350
[2017.09.27-14.42.00:488][  0]LogWindowsTextInputMethodSystem: Display: IME system now activated using TSF (Microsoft 입력기).
[2017.09.27-14.42.00:567][  0]LogCollectionManager: Loaded 0 collections in 0.001077 seconds
[2017.09.27-14.42.00:646][  0]LogFileCache: Scanning file cache for directory 'D:/전공모음/Unreal_Projects/LC_Time_Manipulation/Saved/Collections/' took 0.01s
[2017.09.27-14.42.00:646][  0]LogFileCache: Scanning file cache for directory 'D:/전공모음/Unreal_Projects/LC_Time_Manipulation/Content/Developers/USERPC/Collections/' took 0.01s
[2017.09.27-14.42.00:646][  0]LogFileCache: Scanning file cache for directory 'D:/전공모음/Unreal_Projects/LC_Time_Manipulation/Content/Collections/' took 0.01s
[2017.09.27-14.42.00:646][  0]LogCollectionManager: Rebuilt the GUID cache for 0 collections in 0.000001 seconds
[2017.09.27-14.42.00:654][  0]LogContentBrowser: Native class hierarchy populated in 0.0072 seconds. Added 2386 classes and 500 folders.
[2017.09.27-14.42.00:708][  0]LogContentBrowser: Native class hierarchy updated for 'WidgetCarousel' in 0.0005 seconds. Added 0 classes and 0 folders.
[2017.09.27-14.42.00:748][  0]LogContentBrowser: Native class hierarchy updated for 'AddContentDialog' in 0.0005 seconds. Added 0 classes and 0 folders.
[2017.09.27-14.42.00:793][  0]LogContentBrowser: Native class hierarchy updated for 'SceneOutliner' in 0.0005 seconds. Added 1 classes and 2 folders.
[2017.09.27-14.42.00:811][  0]LogSlate: Took 0.000263 seconds to synchronously load lazily loaded font '../../../Engine/Content/Slate/Fonts/Roboto-Regular.ttf' (155K)
[2017.09.27-14.42.00:815][  0]LogSlate: Took 0.002650 seconds to synchronously load lazily loaded font '../../../Engine/Content/Slate/Fonts/NanumGothic.ttf' (4243K)
[2017.09.27-14.42.00:816][  0]LogSlate: Took 0.000195 seconds to synchronously load lazily loaded font '../../../Engine/Content/Slate/Fonts/Roboto-Bold.ttf' (160K)
[2017.09.27-14.42.00:819][  0]LogSlate: Took 0.000222 seconds to synchronously load lazily loaded font '../../../Engine/Content/Editor/Slate/Fonts/FontAwesome.ttf' (139K)
[2017.09.27-14.42.00:927][  0]LogRenderer: Reallocating scene render targets to support 1208x576 Format 10 NumSamples 1 (Frame:1).
[2017.09.27-14.42.01:107][  0]LogContentBrowser: Native class hierarchy updated for 'HierarchicalLODOutliner' in 0.0006 seconds. Added 1 classes and 2 folders.
[2017.09.27-14.42.01:107][  0]LogLoad: (Engine Initialization) Total time: 14.83 seconds
[2017.09.27-14.42.01:107][  0]LogLoad: (Engine Initialization) Total Blueprint compile time: 0.00 seconds
[2017.09.27-14.42.01:107][  0]LogExternalProfiler: No external profilers were discovered.  External profiling features will not be available.
[2017.09.27-14.42.01:132][  0]LogAssetRegistry: Asset discovery search completed in 10.0768 seconds
[2017.09.27-14.42.01:133][  0]LogCollectionManager: Rebuilt the object cache for 0 collections in 0.000001 seconds (found 0 objects)
[2017.09.27-14.42.01:133][  0]LogCollectionManager: Fixed up redirectors for 0 collections in 0.000031 seconds (updated 0 objects)
[2017.09.27-14.42.01:135][  0]LogContentStreaming: Texture pool size now 1000 MB
[2017.09.27-14.42.01:181][  0]LogSlate: Took 0.000181 seconds to synchronously load lazily loaded font '../../../Engine/Content/Slate/Fonts/Roboto-Light.ttf' (159K)
[2017.09.27-14.42.02:916][199]LogTemp: Repeating last play command: 선택된 뷰포트
[2017.09.27-14.42.02:951][199]LogPlayLevel: PlayLevel: No blueprints needed recompiling
[2017.09.27-14.42.02:951][199]PIE: New page: PIE 세션: Lets_Create_Map (2017. 9. 28. 오전 8:42:02)
[2017.09.27-14.42.02:951][199]LogPlayLevel: Creating play world package: /Game/Maps/UEDPIE_0_Lets_Create_Map
[2017.09.27-14.42.02:954][199]LogPlayLevel: PIE: StaticDuplicateObject took: (0.003055s)
[2017.09.27-14.42.02:955][199]LogAIModule: Creating AISystem for world Lets_Create_Map
[2017.09.27-14.42.02:955][199]LogPlayLevel: PIE: World Init took: (0.000763s)
[2017.09.27-14.42.02:955][199]LogPlayLevel: PIE: Created PIE world by copying editor world from /Game/Maps/Lets_Create_Map.Lets_Create_Map to /Game/Maps/UEDPIE_0_Lets_Create_Map.Lets_Create_Map (0.004005s)
[2017.09.27-14.42.02:971][199]LogInit: XAudio2 using '스피커(Realtek High Definition Audio)' : 2 channels at 48 kHz using 32 bits per sample (channel mask 0x3)
[2017.09.27-14.42.02:986][199]LogInit: FAudioDevice initialized.
[2017.09.27-14.42.03:064][199]LogLoad: Game class is 'FPS_GameMode_C'
[2017.09.27-14.42.03:067][199]LogWorld: Bringing World /Game/Maps/UEDPIE_0_Lets_Create_Map.Lets_Create_Map up for play (max tick rate 0) at 2017.09.27-23.42.03
[2017.09.27-14.42.03:067][199]LogWorld: Bringing up level for play took: 0.001452
[2017.09.27-14.42.03:108][199]LogContentBrowser: Native class hierarchy updated for 'MovieSceneCapture' in 0.0005 seconds. Added 11 classes and 0 folders.
[2017.09.27-14.42.03:109][199]PIE: /Game/Maps/UEDPIE_0_Lets_Create_Map 에 대한 에디터에서 플레이 시작 시간: 0.081
[2017.09.27-14.42.05:938][520]LogWindowsTextInputMethodSystem: Display: IME system now activated using TSF (Microsoft 입력기).
[2017.09.27-14.42.05:946][520]LogWindowsTextInputMethodSystem: Display: IME system now activated using TSF (Microsoft 입력기).
[2017.09.27-14.42.06:094][521]Cmd: QUIT_EDITOR
[2017.09.27-14.42.06:341][521]LogExit: Preparing to exit.
[2017.09.27-14.42.07:418][521]LogDirectoryWatcher: A directory notification for 'D:/전공모음/Unreal_Projects/LC_Time_Manipulation/Content/' was aborted.
[2017.09.27-14.42.07:428][521]LogExit: Editor shut down
[2017.09.27-14.42.07:430][521]LogExit: Transaction tracking system shut down
[2017.09.27-14.42.07:493][521]LogDirectoryWatcher: A directory notification for '../../../Engine/Content/' was aborted.
[2017.09.27-14.42.07:493][521]LogDirectoryWatcher: A directory notification for '../../../../전공모음/Unreal_Projects/LC_Time_Manipulation/Content/' was aborted.
[2017.09.27-14.42.07:493][521]LogDirectoryWatcher: A directory notification for '../../../Engine/Plugins/2D/Paper2D/Content/' was aborted.
[2017.09.27-14.42.07:493][521]LogDirectoryWatcher: A directory notification for '../../../Engine/Plugins/Runtime/Oculus/OculusVR/Content/' was aborted.
[2017.09.27-14.42.07:493][521]LogDirectoryWatcher: A directory notification for '../../../Engine/Plugins/Runtime/Steam/SteamVR/Content/' was aborted.
[2017.09.27-14.42.07:521][521]LogExit: Object subsystem successfully closed.
[2017.09.27-14.42.07:538][521]LogD3D11RHI: Shutdown
[2017.09.27-14.42.07:538][521]LogD3D11RHI: CleanupD3DDevice
[2017.09.27-14.42.07:591][521]LogD3D11RHI: ~FD3D11DynamicRHI
[2017.09.27-14.42.07:598][521]LogModuleManager: Shutting down and abandoning module MovieSceneCapture (532)
[2017.09.27-14.42.07:598][521]LogModuleManager: Shutting down and abandoning module HierarchicalLODOutliner (530)
[2017.09.27-14.42.07:598][521]LogModuleManager: Shutting down and abandoning module SceneOutliner (528)
[2017.09.27-14.42.07:598][521]LogModuleManager: Shutting down and abandoning module AddContentDialog (526)
[2017.09.27-14.42.07:598][521]LogDirectoryWatcher: A directory notification for 'D:/UE_4.17/FeaturePacks/' was aborted.
[2017.09.27-14.42.07:599][521]LogModuleManager: Shutting down and abandoning module WidgetCarousel (525)
[2017.09.27-14.42.07:599][521]LogModuleManager: Shutting down and abandoning module EditorWidgets (522)
[2017.09.27-14.42.07:599][521]LogModuleManager: Shutting down and abandoning module CollectionManager (520)
[2017.09.27-14.42.07:599][521]LogDirectoryWatcher: A directory notification for 'D:/전공모음/Unreal_Projects/LC_Time_Manipulation/Content/Collections/' was aborted.
[2017.09.27-14.42.07:599][521]LogDirectoryWatcher: A directory notification for 'D:/전공모음/Unreal_Projects/LC_Time_Manipulation/Content/Developers/USERPC/Collections/' was aborted.
[2017.09.27-14.42.07:599][521]LogDirectoryWatcher: A directory notification for 'D:/전공모음/Unreal_Projects/LC_Time_Manipulation/Saved/Collections/' was aborted.
[2017.09.27-14.42.07:599][521]LogModuleManager: Shutting down and abandoning module StatsViewer (518)
[2017.09.27-14.42.07:599][521]LogModuleManager: Shutting down and abandoning module FoliageEdit (516)
[2017.09.27-14.42.07:599][521]LogModuleManager: Shutting down and abandoning module LandscapeEditor (514)
[2017.09.27-14.42.07:599][521]LogModuleManager: Shutting down and abandoning module MeshPaintMode (512)
[2017.09.27-14.42.07:599][521]LogModuleManager: Shutting down and abandoning module SceneDepthPickerMode (510)
[2017.09.27-14.42.07:599][521]LogModuleManager: Shutting down and abandoning module ActorPickerMode (508)
[2017.09.27-14.42.07:599][521]LogModuleManager: Shutting down and abandoning module GeometryMode (506)
[2017.09.27-14.42.07:599][521]LogModuleManager: Shutting down and abandoning module TextureAlignMode (504)
[2017.09.27-14.42.07:599][521]LogModuleManager: Shutting down and abandoning module BspMode (502)
[2017.09.27-14.42.07:599][521]LogModuleManager: Shutting down and abandoning module PIEPreviewDeviceProfileSelector (500)
[2017.09.27-14.42.07:599][521]LogModuleManager: Shutting down and abandoning module HardwareSurvey (498)
[2017.09.27-14.42.07:599][521]LogModuleManager: Shutting down and abandoning module SequenceRecorderSections (496)
[2017.09.27-14.42.07:599][521]LogModuleManager: Shutting down and abandoning module AutomationWorker (494)
[2017.09.27-14.42.07:599][521]LogModuleManager: Shutting down and abandoning module MatineeToLevelSequence (492)
[2017.09.27-14.42.07:599][521]LogModuleManager: Shutting down and abandoning module LevelSequenceEditor (490)
[2017.09.27-14.42.07:599][521]LogModuleManager: Shutting down and abandoning module PlacementMode (489)
[2017.09.27-14.42.07:599][521]LogModuleManager: Shutting down and abandoning module WmfMediaFactory (486)
[2017.09.27-14.42.07:599][521]LogModuleManager: Shutting down and abandoning module WmfMediaEditor (484)
[2017.09.27-14.42.07:599][521]LogModuleManager: Shutting down and abandoning module AvfMediaFactory (482)
[2017.09.27-14.42.07:599][521]LogModuleManager: Shutting down and abandoning module AvfMediaEditor (480)
[2017.09.27-14.42.07:599][521]LogModuleManager: Shutting down and abandoning module AndroidMediaFactory (478)
[2017.09.27-14.42.07:599][521]LogModuleManager: Shutting down and abandoning module Media (477)
[2017.09.27-14.42.07:599][521]LogModuleManager: Shutting down and abandoning module AndroidMediaEditor (474)
[2017.09.27-14.42.07:599][521]LogModuleManager: Shutting down and abandoning module CharacterAI (472)
[2017.09.27-14.42.07:599][521]LogModuleManager: Shutting down and abandoning module AudioCapture (470)
[2017.09.27-14.42.07:599][521]LogModuleManager: Shutting down and abandoning module SequenceRecorder (469)
[2017.09.27-14.42.07:599][521]LogModuleManager: Shutting down and abandoning module SmartSnapping (466)
[2017.09.27-14.42.07:599][521]LogModuleManager: Shutting down and abandoning module SessionServices (464)
[2017.09.27-14.42.07:599][521]LogModuleManager: Shutting down and abandoning module ViewportSnapping (462)
[2017.09.27-14.42.07:599][521]LogModuleManager: Shutting down and abandoning module ViewportInteraction (460)
[2017.09.27-14.42.07:599][521]LogModuleManager: Shutting down and abandoning module ClothPainter (458)
[2017.09.27-14.42.07:599][521]LogModuleManager: Shutting down and abandoning module LogVisualizer (456)
[2017.09.27-14.42.07:599][521]LogModuleManager: Shutting down and abandoning module IntroTutorials (454)
[2017.09.27-14.42.07:599][521]LogModuleManager: Shutting down and abandoning module GameProjectGeneration (453)
[2017.09.27-14.42.07:600][521]LogModuleManager: Shutting down and abandoning module IOSPlatformEditor (450)
[2017.09.27-14.42.07:600][521]LogModuleManager: Shutting down and abandoning module HTML5PlatformEditor (448)
[2017.09.27-14.42.07:600][521]LogModuleManager: Shutting down and abandoning module AndroidPlatformEditor (446)
[2017.09.27-14.42.07:600][521]LogModuleManager: Shutting down and abandoning module AndroidDeviceDetection (445)
[2017.09.27-14.42.07:661][521]LogModuleManager: Shutting down and abandoning module WindowsPlatformEditor (442)
[2017.09.27-14.42.07:661][521]LogModuleManager: Shutting down and abandoning module IOSRuntimeSettings (440)
[2017.09.27-14.42.07:661][521]LogModuleManager: Shutting down and abandoning module AndroidRuntimeSettings (438)
[2017.09.27-14.42.07:661][521]LogModuleManager: Shutting down and abandoning module InputBindingEditor (436)
[2017.09.27-14.42.07:661][521]LogModuleManager: Shutting down and abandoning module MergeActors (434)
[2017.09.27-14.42.07:661][521]LogModuleManager: Shutting down and abandoning module SizeMap (432)
[2017.09.27-14.42.07:661][521]LogModuleManager: Shutting down and abandoning module TreeMap (430)
[2017.09.27-14.42.07:661][521]LogModuleManager: Shutting down and abandoning module ReferenceViewer (428)
[2017.09.27-14.42.07:662][521]LogModuleManager: Shutting down and abandoning module LocalizationDashboard (426)
[2017.09.27-14.42.07:662][521]LogModuleManager: Shutting down and abandoning module LocalizationService (425)
[2017.09.27-14.42.07:662][521]LogModuleManager: Shutting down and abandoning module HardwareTargeting (422)
[2017.09.27-14.42.07:662][521]LogModuleManager: Shutting down and abandoning module DeviceProfileEditor (420)
[2017.09.27-14.42.07:662][521]LogModuleManager: Shutting down and abandoning module UndoHistory (418)
[2017.09.27-14.42.07:662][521]LogModuleManager: Shutting down and abandoning module XmlParser (416)
[2017.09.27-14.42.07:662][521]LogModuleManager: Shutting down and abandoning module Blutility (414)
[2017.09.27-14.42.07:662][521]LogModuleManager: Shutting down and abandoning module ProjectSettingsViewer (412)
[2017.09.27-14.42.07:662][521]LogModuleManager: Shutting down and abandoning module ProjectTargetPlatformEditor (411)
[2017.09.27-14.42.07:662][521]LogModuleManager: Shutting down and abandoning module EditorSettingsViewer (408)
[2017.09.27-14.42.07:662][521]LogModuleManager: Shutting down and abandoning module SettingsEditor (406)
[2017.09.27-14.42.07:662][521]LogModuleManager: Shutting down and abandoning module ProjectLauncher (404)
[2017.09.27-14.42.07:662][521]LogModuleManager: Shutting down and abandoning module SessionFrontend (402)
[2017.09.27-14.42.07:662][521]LogModuleManager: Shutting down and abandoning module ProfilerClient (400)
[2017.09.27-14.42.07:662][521]LogModuleManager: Shutting down and abandoning module DeviceManager (398)
[2017.09.27-14.42.07:662][521]LogModuleManager: Shutting down and abandoning module TargetDeviceServices (397)
[2017.09.27-14.42.07:715][521]LogModuleManager: Shutting down and abandoning module AutomationController (394)
[2017.09.27-14.42.07:715][521]LogModuleManager: Shutting down and abandoning module AutomationWindow (392)
[2017.09.27-14.42.07:715][521]LogModuleManager: Shutting down and abandoning module Layers (390)
[2017.09.27-14.42.07:715][521]LogModuleManager: Shutting down and abandoning module ComponentVisualizers (388)
[2017.09.27-14.42.07:715][521]LogModuleManager: Shutting down and abandoning module DetailCustomizations (386)
[2017.09.27-14.42.07:715][521]LogModuleManager: Shutting down and abandoning module PackagesDialog (384)
[2017.09.27-14.42.07:715][521]LogModuleManager: Shutting down and abandoning module Persona (382)
[2017.09.27-14.42.07:715][521]LogModuleManager: Shutting down and abandoning module AdvancedPreviewScene (381)
[2017.09.27-14.42.07:716][521]LogModuleManager: Shutting down and abandoning module AnimGraph (379)
[2017.09.27-14.42.07:716][521]LogModuleManager: Shutting down and abandoning module Kismet (376)
[2017.09.27-14.42.07:717][521]LogModuleManager: Shutting down and abandoning module ClassViewer (374)
[2017.09.27-14.42.07:717][521]LogModuleManager: Shutting down and abandoning module Toolbox (372)
[2017.09.27-14.42.07:717][521]LogModuleManager: Shutting down and abandoning module ModuleUI (370)
[2017.09.27-14.42.07:717][521]LogModuleManager: Shutting down and abandoning module MovieSceneTools (368)
[2017.09.27-14.42.07:717][521]LogModuleManager: Shutting down and abandoning module OutputLog (366)
[2017.09.27-14.42.07:717][521]LogModuleManager: Shutting down and abandoning module GammaUI (364)
[2017.09.27-14.42.07:717][521]LogModuleManager: Shutting down and abandoning module Documentation (362)
[2017.09.27-14.42.07:717][521]LogModuleManager: Shutting down and abandoning module MovieSceneTracks (360)
[2017.09.27-14.42.07:717][521]LogModuleManager: Shutting down and abandoning module MovieScene (358)
[2017.09.27-14.42.07:717][521]LogModuleManager: Shutting down and abandoning module Niagara (356)
[2017.09.27-14.42.07:717][521]LogModuleManager: Shutting down and abandoning module NiagaraEditor (355)
[2017.09.27-14.42.07:718][521]LogModuleManager: Shutting down and abandoning module StreamingPauseRendering (352)
[2017.09.27-14.42.07:718][521]LogModuleManager: Shutting down and abandoning module LauncherPlatform (350)
[2017.09.27-14.42.07:718][521]LogModuleManager: Shutting down and abandoning module AnalyticsET (348)
[2017.09.27-14.42.07:718][521]LogModuleManager: Shutting down and abandoning module PortalServices (346)
[2017.09.27-14.42.07:718][521]LogModuleManager: Shutting down and abandoning module PortalRpc (344)
[2017.09.27-14.42.07:718][521]LogModuleManager: Shutting down and abandoning module MessagingRpc (342)
[2017.09.27-14.42.07:718][521]LogModuleManager: Shutting down and abandoning module AIModule (340)
[2017.09.27-14.42.07:718][521]LogModuleManager: Shutting down and abandoning module GameplayDebugger (339)
[2017.09.27-14.42.07:718][521]LogModuleManager: Shutting down and abandoning module AITestSuite (337)
[2017.09.27-14.42.07:718][521]LogModuleManager: Shutting down and abandoning module ProfilerService (334)
[2017.09.27-14.42.07:852][521]LogModuleManager: Shutting down and abandoning module TaskGraph (332)
[2017.09.27-14.42.07:852][521]LogModuleManager: Shutting down and abandoning module SteamVRController (330)
[2017.09.27-14.42.07:852][521]LogModuleManager: Shutting down and abandoning module ProceduralMeshComponentEditor (328)
[2017.09.27-14.42.07:852][521]LogModuleManager: Shutting down and abandoning module ProceduralMeshComponent (326)
[2017.09.27-14.42.07:852][521]LogModuleManager: Shutting down and abandoning module OculusInput (324)
[2017.09.27-14.42.07:852][521]LogModuleManager: Shutting down and abandoning module MobilePatchingUtils (322)
[2017.09.27-14.42.07:852][521]LogModuleManager: Shutting down and abandoning module CustomMeshComponent (320)
[2017.09.27-14.42.07:852][521]LogModuleManager: Shutting down and abandoning module CableComponent (318)
[2017.09.27-14.42.07:852][521]LogModuleManager: Shutting down and abandoning module ArchVisCharacter (316)
[2017.09.27-14.42.07:852][521]LogModuleManager: Shutting down and abandoning module AndroidPermission (314)
[2017.09.27-14.42.07:852][521]LogModuleManager: Shutting down and abandoning module MediaPlayerEditor (310)
[2017.09.27-14.42.07:853][521]LogModuleManager: Shutting down and abandoning module HTML5Networking (308)
[2017.09.27-14.42.07:853][521]LogModuleManager: Shutting down and abandoning module AlembicImporter (306)
[2017.09.27-14.42.07:853][521]LogModuleManager: Shutting down and abandoning module AlembicLibrary (305)
[2017.09.27-14.42.07:853][521]LogModuleManager: Shutting down and abandoning module GeometryCache (304)
[2017.09.27-14.42.07:853][521]LogModuleManager: Shutting down and abandoning module GeometryCacheEd (303)
[2017.09.27-14.42.07:853][521]LogModuleManager: Shutting down and abandoning module SpeedTreeImporter (298)
[2017.09.27-14.42.07:853][521]LogModuleManager: Shutting down and abandoning module PluginBrowser (296)
[2017.09.27-14.42.07:853][521]LogModuleManager: Shutting down and abandoning module MobileLauncherProfileWizard (294)
[2017.09.27-14.42.07:853][521]LogModuleManager: Shutting down and abandoning module VisualStudioSourceCodeAccess (292)
[2017.09.27-14.42.07:853][521]LogModuleManager: Shutting down and abandoning module DesktopPlatform (291)
[2017.09.27-14.42.07:853][521]LogModuleManager: Shutting down and abandoning module UObjectPlugin (288)
[2017.09.27-14.42.07:853][521]LogModuleManager: Shutting down and abandoning module SubversionSourceControl (286)
[2017.09.27-14.42.07:854][521]LogModuleManager: Shutting down and abandoning module PerforceSourceControl (284)
[2017.09.27-14.42.07:854][521]LogModuleManager: Shutting down and abandoning module GitSourceControl (282)
[2017.09.27-14.42.07:854][521]LogModuleManager: Shutting down and abandoning module SourceControl (281)
[2017.09.27-14.42.07:854][521]LogModuleManager: Shutting down and abandoning module LightPropagationVolumeEditor (278)
[2017.09.27-14.42.07:854][521]LogModuleManager: Shutting down and abandoning module PaperTiledImporter (276)
[2017.09.27-14.42.07:854][521]LogModuleManager: Shutting down and abandoning module PaperSpriteSheetImporter (274)
[2017.09.27-14.42.07:854][521]LogModuleManager: Shutting down and abandoning module Paper2DEditor (272)
[2017.09.27-14.42.07:854][521]LogModuleManager: Shutting down and abandoning module MeshPaint (271)
[2017.09.27-14.42.07:854][521]LogModuleManager: Shutting down and abandoning module LevelEditor (269)
[2017.09.27-14.42.07:856][521]LogModuleManager: Shutting down and abandoning module PixelInspectorModule (268)
[2017.09.27-14.42.07:856][521]LogModuleManager: Shutting down and abandoning module MainFrame (266)
[2017.09.27-14.42.07:856][521]LogModuleManager: Shutting down and abandoning module HotReload (265)
[2017.09.27-14.42.07:858][521]LogModuleManager: Shutting down and abandoning module RuntimePhysXCooking (260)
[2017.09.27-14.42.07:858][521]LogModuleManager: Shutting down and abandoning module PhysXVehiclesEditor (258)
[2017.09.27-14.42.07:858][521]LogModuleManager: Shutting down and abandoning module PhysXVehicles (256)
[2017.09.27-14.42.07:858][521]LogModuleManager: Shutting down and abandoning module OculusEditor (254)
[2017.09.27-14.42.07:858][521]LogModuleManager: Shutting down and abandoning module LocationServicesBPLibrary (252)
[2017.09.27-14.42.07:858][521]LogModuleManager: Shutting down and abandoning module ImmediatePhysicsEditor (250)
[2017.09.27-14.42.07:858][521]LogModuleManager: Shutting down and abandoning module ImmediatePhysics (248)
[2017.09.27-14.42.07:858][521]LogModuleManager: Shutting down and abandoning module UdpMessaging (246)
[2017.09.27-14.42.07:959][521]LogModuleManager: Shutting down and abandoning module TcpMessaging (244)
[2017.09.27-14.42.08:272][521]LogModuleManager: Shutting down and abandoning module GameplayTagsEditor (242)
[2017.09.27-14.42.08:272][521]LogModuleManager: Shutting down and abandoning module FacialAnimationEditor (240)
[2017.09.27-14.42.08:272][521]LogModuleManager: Shutting down and abandoning module FacialAnimation (238)
[2017.09.27-14.42.08:272][521]LogModuleManager: Shutting down and abandoning module AssetManagerEditor (236)
[2017.09.27-14.42.08:272][521]LogModuleManager: Shutting down and abandoning module GraphEditor (235)
[2017.09.27-14.42.08:272][521]LogModuleManager: Shutting down and abandoning module ContentBrowser (233)
[2017.09.27-14.42.08:275][521]LogModuleManager: Shutting down and abandoning module LightPropagationVolumeRuntime (230)
[2017.09.27-14.42.08:275][521]LogModuleManager: Shutting down and abandoning module Paper2D (228)
[2017.09.27-14.42.08:275][521]LogModuleManager: Shutting down and abandoning module WindowsMoviePlayer (226)
[2017.09.27-14.42.08:275][521]LogModuleManager: Shutting down and abandoning module WmfMedia (224)
[2017.09.27-14.42.08:275][521]LogModuleManager: Shutting down and abandoning module PacketHandler (222)
[2017.09.27-14.42.08:275][521]LogModuleManager: Shutting down and abandoning module ClothingSystemEditor (220)
[2017.09.27-14.42.08:275][521]LogModuleManager: Shutting down and abandoning module ClothingSystemRuntime (218)
[2017.09.27-14.42.08:275][521]LogModuleManager: Shutting down and abandoning module Overlay (216)
[2017.09.27-14.42.08:275][521]LogModuleManager: Shutting down and abandoning module OverlayEditor (215)
[2017.09.27-14.42.08:276][521]LogModuleManager: Shutting down and abandoning module MediaAssets (212)
[2017.09.27-14.42.08:276][521]LogModuleManager: Shutting down and abandoning module VREditor (210)
[2017.09.27-14.42.08:276][521]LogModuleManager: Shutting down and abandoning module StringTableEditor (208)
[2017.09.27-14.42.08:276][521]LogModuleManager: Shutting down and abandoning module GameplayTasksEditor (206)
[2017.09.27-14.42.08:276][521]LogModuleManager: Shutting down and abandoning module BehaviorTreeEditor (204)
[2017.09.27-14.42.08:276][521]LogModuleManager: Shutting down and abandoning module FunctionalTesting (202)
[2017.09.27-14.42.08:276][521]LogModuleManager: Shutting down and abandoning module CollisionAnalyzer (200)
[2017.09.27-14.42.08:276][521]LogModuleManager: Shutting down and abandoning module WorkspaceMenuStructure (199)
[2017.09.27-14.42.08:276][521]LogModuleManager: Shutting down and abandoning module UMG (196)
[2017.09.27-14.42.08:276][521]LogModuleManager: Shutting down and abandoning module UMGEditor (195)
[2017.09.27-14.42.08:276][521]LogModuleManager: Shutting down and abandoning module Sequencer (194)
[2017.09.27-14.42.08:277][521]LogModuleManager: Shutting down and abandoning module MessageLog (191)
[2017.09.27-14.42.08:277][521]LogModuleManager: Shutting down and abandoning module SlateReflector (186)
[2017.09.27-14.42.08:277][521]LogModuleManager: Shutting down and abandoning module Slate (184)
[2017.09.27-14.42.08:277][521]LogModuleManager: Shutting down and abandoning module EditorStyle (182)
[2017.09.27-14.42.08:282][521]LogModuleManager: Shutting down and abandoning module MRMesh (180)
[2017.09.27-14.42.08:283][521]LogModuleManager: Shutting down and abandoning module SourceCodeAccess (178)
[2017.09.27-14.42.08:283][521]LogModuleManager: Shutting down and abandoning module HeadMountedDisplay (176)
[2017.09.27-14.42.08:283][521]LogModuleManager: Shutting down and abandoning module XAudio2 (174)
[2017.09.27-14.42.08:283][521]LogModuleManager: Shutting down and abandoning module Networking (172)
[2017.09.27-14.42.08:283][521]LogModuleManager: Shutting down and abandoning module Core (168)
[2017.09.27-14.42.08:283][521]LogModuleManager: Shutting down and abandoning module KismetCompiler (164)
[2017.09.27-14.42.08:283][521]LogModuleManager: Shutting down and abandoning module LevelSequence (162)
[2017.09.27-14.42.08:283][521]LogModuleManager: Shutting down and abandoning module MeshUtilities (160)
[2017.09.27-14.42.08:283][521]LogModuleManager: Shutting down and abandoning module MeshMergeUtilities (159)
[2017.09.27-14.42.08:283][521]LogModuleManager: Shutting down and abandoning module MeshReductionInterface (158)
[2017.09.27-14.42.08:283][521]LogModuleManager: Shutting down and abandoning module SimplygonSwarm (157)
[2017.09.27-14.42.08:283][521]LogModuleManager: Shutting down and abandoning module SimplygonMeshReduction (155)
[2017.09.27-14.42.08:283][521]LogModuleManager: Shutting down and abandoning module QuadricMeshReduction (153)
[2017.09.27-14.42.08:283][521]LogModuleManager: Shutting down and abandoning module MaterialBaking (149)
[2017.09.27-14.42.08:283][521]LogModuleManager: Shutting down and abandoning module DirectoryWatcher (146)
[2017.09.27-14.42.08:284][521]LogModuleManager: Shutting down and abandoning module DerivedDataCache (144)
[2017.09.27-14.42.08:325][521]LogDerivedDataCache: Shutdown
[2017.09.27-14.42.08:325][521]LogModuleManager: Shutting down and abandoning module TargetPlatform (142)
[2017.09.27-14.42.08:325][521]LogModuleManager: Shutting down and abandoning module VulkanShaderFormat (141)
[2017.09.27-14.42.08:325][521]LogModuleManager: Shutting down and abandoning module ShaderFormatVectorVM (139)
[2017.09.27-14.42.08:325][521]LogModuleManager: Shutting down and abandoning module ShaderFormatOpenGL (137)
[2017.09.27-14.42.08:325][521]LogModuleManager: Shutting down and abandoning module ShaderFormatD3D (135)
[2017.09.27-14.42.08:325][521]LogModuleManager: Shutting down and abandoning module MetalShaderFormat (133)
[2017.09.27-14.42.08:325][521]LogModuleManager: Shutting down and abandoning module TextureFormatUncompressed (131)
[2017.09.27-14.42.08:325][521]LogModuleManager: Shutting down and abandoning module TextureFormatPVR (129)
[2017.09.27-14.42.08:325][521]LogModuleManager: Shutting down and abandoning module TextureFormatDXT (127)
[2017.09.27-14.42.08:325][521]LogModuleManager: Shutting down and abandoning module TextureFormatIntelISPCTexComp (125)
[2017.09.27-14.42.08:325][521]LogModuleManager: Shutting down and abandoning module TextureFormatASTC (123)
[2017.09.27-14.42.08:325][521]LogModuleManager: Shutting down and abandoning module ImageWrapper (122)
[2017.09.27-14.42.08:325][521]LogModuleManager: Shutting down and abandoning module TextureFormatAndroid (119)
[2017.09.27-14.42.08:325][521]LogModuleManager: Shutting down and abandoning module AudioFormatOpus (117)
[2017.09.27-14.42.08:325][521]LogModuleManager: Shutting down and abandoning module AudioFormatOgg (115)
[2017.09.27-14.42.08:326][521]LogModuleManager: Shutting down and abandoning module AudioFormatADPCM (113)
[2017.09.27-14.42.08:326][521]LogModuleManager: Shutting down and abandoning module LinuxTargetPlatform (111)
[2017.09.27-14.42.08:326][521]LogModuleManager: Shutting down and abandoning module LinuxServerTargetPlatform (109)
[2017.09.27-14.42.08:326][521]LogModuleManager: Shutting down and abandoning module LinuxNoEditorTargetPlatform (107)
[2017.09.27-14.42.08:326][521]LogModuleManager: Shutting down and abandoning module LinuxClientTargetPlatform (105)
[2017.09.27-14.42.08:326][521]LogModuleManager: Shutting down and abandoning module TVOSTargetPlatform (103)
[2017.09.27-14.42.08:326][521]LogModuleManager: Shutting down and abandoning module Messaging (101)
[2017.09.27-14.42.08:326][521]LogModuleManager: Shutting down and abandoning module IOSTargetPlatform (99)
[2017.09.27-14.42.08:326][521]LogModuleManager: Shutting down and abandoning module HTML5TargetPlatform (97)
[2017.09.27-14.42.08:326][521]LogModuleManager: Shutting down and abandoning module Android_PVRTCTargetPlatform (95)
[2017.09.27-14.42.08:326][521]LogModuleManager: Shutting down and abandoning module Android_MultiTargetPlatform (93)
[2017.09.27-14.42.08:326][521]LogModuleManager: Shutting down and abandoning module Android_ETC2TargetPlatform (91)
[2017.09.27-14.42.08:326][521]LogModuleManager: Shutting down and abandoning module Android_ETC1TargetPlatform (89)
[2017.09.27-14.42.08:326][521]LogModuleManager: Shutting down and abandoning module Android_DXTTargetPlatform (87)
[2017.09.27-14.42.08:326][521]LogModuleManager: Shutting down and abandoning module Android_ATCTargetPlatform (85)
[2017.09.27-14.42.08:326][521]LogModuleManager: Shutting down and abandoning module Android_ASTCTargetPlatform (83)
[2017.09.27-14.42.08:326][521]LogModuleManager: Shutting down and abandoning module AndroidTargetPlatform (81)
[2017.09.27-14.42.08:326][521]LogModuleManager: Shutting down and abandoning module WindowsTargetPlatform (79)
[2017.09.27-14.42.08:326][521]LogModuleManager: Shutting down and abandoning module WindowsServerTargetPlatform (77)
[2017.09.27-14.42.08:326][521]LogModuleManager: Shutting down and abandoning module WindowsNoEditorTargetPlatform (75)
[2017.09.27-14.42.08:326][521]LogModuleManager: Shutting down and abandoning module WindowsClientTargetPlatform (73)
[2017.09.27-14.42.08:326][521]LogModuleManager: Shutting down and abandoning module MacTargetPlatform (71)
[2017.09.27-14.42.08:326][521]LogModuleManager: Shutting down and abandoning module MacServerTargetPlatform (69)
[2017.09.27-14.42.08:326][521]LogModuleManager: Shutting down and abandoning module MacNoEditorTargetPlatform (67)
[2017.09.27-14.42.08:326][521]LogModuleManager: Shutting down and abandoning module MacClientTargetPlatform (65)
[2017.09.27-14.42.08:326][521]LogModuleManager: Shutting down and abandoning module AllDesktopTargetPlatform (63)
[2017.09.27-14.42.08:326][521]LogModuleManager: Shutting down and abandoning module InputCore (60)
[2017.09.27-14.42.08:326][521]LogModuleManager: Shutting down and abandoning module Settings (58)
[2017.09.27-14.42.08:326][521]LogModuleManager: Shutting down and abandoning module PhysXCooking (56)
[2017.09.27-14.42.08:326][521]LogModuleManager: Shutting down and abandoning module SteamVR (54)
[2017.09.27-14.42.08:326][521]LogModuleManager: Shutting down and abandoning module OculusHMD (52)
[2017.09.27-14.42.08:326][521]LogModuleManager: Shutting down and abandoning module ExampleDeviceProfileSelector (50)
[2017.09.27-14.42.08:326][521]LogModuleManager: Shutting down and abandoning module OnlineBlueprintSupport (48)
[2017.09.27-14.42.08:326][521]LogModuleManager: Shutting down and abandoning module OnlineSubsystem (44)
[2017.09.27-14.42.08:327][521]LogOnline: Display: Unloading online subsystem: NULL
[2017.09.27-14.42.08:327][521]LogModuleManager: Shutting down and abandoning module XMPP (43)
[2017.09.27-14.42.08:327][521]LogModuleManager: Shutting down and abandoning module HTTP (41)
[2017.09.27-14.42.08:327][521]LogHttp: Display: Http module shutting down, but needs to wait on 1 outstanding Http requests:
[2017.09.27-14.42.08:327][521]LogHttp: Display: 	verb=[POST] url=[https://datarouter.ol.epicgames.com/datarouter/api/v1/public/data?SessionID=%7BF78B6FBE-4382-6450-E7B1-B3AC56BB1286%7D&AppID=UEEditor.Rocket.Release&AppVersion=4.17.2-3658906%2B%2B%2BUE4%2BRelease-4.17&UserID=ccacb9eb4ff92296588f799bd42c27c8%7Ce9abd0643c81437cbe0d3af0070a4d48%7C9565a66c-b485-4c2f-8d2b-6600b6da4d65&AppEnvironment=datacollector-binary&UploadType=eteventstream] status=Processing
[2017.09.27-14.42.08:332][521]LogModuleManager: Shutting down and abandoning module SSL (40)
[2017.09.27-14.42.08:334][521]LogModuleManager: Shutting down and abandoning module AnimationModifiers (36)
[2017.09.27-14.42.08:334][521]LogModuleManager: Shutting down and abandoning module PropertyEditor (35)
[2017.09.27-14.42.08:334][521]LogModuleManager: Shutting down and abandoning module AudioEditor (32)
[2017.09.27-14.42.08:334][521]LogModuleManager: Shutting down and abandoning module TextureCompressor (30)
[2017.09.27-14.42.08:334][521]LogModuleManager: Shutting down and abandoning module ShaderCore (28)
[2017.09.27-14.42.08:334][521]LogModuleManager: Shutting down and abandoning module Landscape (26)
[2017.09.27-14.42.08:334][521]LogModuleManager: Shutting down and abandoning module SlateRHIRenderer (24)
[2017.09.27-14.42.08:336][521]LogModuleManager: Shutting down and abandoning module OpenGLDrv (22)
[2017.09.27-14.42.08:336][521]LogModuleManager: Shutting down and abandoning module D3D11RHI (20)
[2017.09.27-14.42.08:336][521]LogModuleManager: Shutting down and abandoning module AnimGraphRuntime (18)
[2017.09.27-14.42.08:336][521]LogModuleManager: Shutting down and abandoning module Renderer (16)
[2017.09.27-14.42.08:336][521]LogModuleManager: Shutting down and abandoning module Engine (14)
[2017.09.27-14.42.08:336][521]LogModuleManager: Shutting down and abandoning module CoreUObject (12)
[2017.09.27-14.42.08:336][521]LogModuleManager: Shutting down and abandoning module NetworkFile (10)
[2017.09.27-14.42.08:336][521]LogModuleManager: Shutting down and abandoning module CookedIterativeFile (8)
[2017.09.27-14.42.08:336][521]LogModuleManager: Shutting down and abandoning module StreamingFile (6)
[2017.09.27-14.42.08:336][521]LogModuleManager: Shutting down and abandoning module SandboxFile (4)
[2017.09.27-14.42.08:336][521]LogModuleManager: Shutting down and abandoning module PakFile (2)
[2017.09.27-14.42.08:341][521]LogExit: Exiting.
[2017.09.27-14.42.08:367][521]Log file closed, 09/27/17 23:42:08
